<?xml version="1.0" encoding="UTF-8"?>
<testng-results ignored="0" total="3" passed="3" failed="0" skipped="0">
  <reporter-output>
  </reporter-output>
  <suite started-at="2025-06-03T11:57:31 IST" name="Default suite" finished-at="2025-06-03T11:58:06 IST" duration-ms="34823">
    <groups>
      <group name="cucumber">
        <method signature="AbstractTestNGCucumberTests.runScenario(io.cucumber.testng.PickleWrapper,io.cucumber.testng.FeatureWrapper)[pri:0, instance:TestRunner.TestRunner@41a2befb]" name="runScenario" class="io.cucumber.testng.AbstractTestNGCucumberTests"/>
      </group> <!-- cucumber -->
    </groups>
    <test started-at="2025-06-03T11:57:31 IST" name="Default test" finished-at="2025-06-03T11:58:06 IST" duration-ms="34823">
      <class name="TestRunner.TestRunner">
        <test-method is-config="true" signature="setUpClass(org.testng.ITestContext)[pri:0, instance:TestRunner.TestRunner@41a2befb]" started-at="2025-06-03T11:57:31 IST" name="setUpClass" finished-at="2025-06-03T11:57:32 IST" duration-ms="536" status="PASS">
          <params>
            <param index="0">
              <value>
                <![CDATA[org.testng.TestRunner@5d05f453]]>
              </value>
            </param>
          </params>
          <reporter-output>
          </reporter-output>
        </test-method> <!-- setUpClass -->
        <test-method signature="runScenario(io.cucumber.testng.PickleWrapper,io.cucumber.testng.FeatureWrapper)[pri:0, instance:TestRunner.TestRunner@41a2befb]" started-at="2025-06-03T11:57:32 IST" name="runScenario" description="Runs Cucumber Scenarios" data-provider="scenarios" finished-at="2025-06-03T11:57:38 IST" duration-ms="6597" status="PASS">
          <params>
            <param index="0">
              <value>
                <![CDATA["To verify user is able to login with valid credentials"]]>
              </value>
            </param>
            <param index="1">
              <value>
                <![CDATA["demoblaze.com"]]>
              </value>
            </param>
          </params>
          <reporter-output>
          </reporter-output>
        </test-method> <!-- runScenario -->
        <test-method signature="runScenario(io.cucumber.testng.PickleWrapper,io.cucumber.testng.FeatureWrapper)[pri:0, instance:TestRunner.TestRunner@41a2befb]" started-at="2025-06-03T11:57:38 IST" name="runScenario" description="Runs Cucumber Scenarios" data-provider="scenarios" finished-at="2025-06-03T11:57:46 IST" duration-ms="7808" status="PASS">
          <params>
            <param index="0">
              <value>
                <![CDATA["To verify user is able to add products into Cart"]]>
              </value>
            </param>
            <param index="1">
              <value>
                <![CDATA["demoblaze.com"]]>
              </value>
            </param>
          </params>
          <reporter-output>
          </reporter-output>
        </test-method> <!-- runScenario -->
        <test-method signature="runScenario(io.cucumber.testng.PickleWrapper,io.cucumber.testng.FeatureWrapper)[pri:0, instance:TestRunner.TestRunner@41a2befb]" started-at="2025-06-03T11:57:46 IST" name="runScenario" description="Runs Cucumber Scenarios" data-provider="scenarios" finished-at="2025-06-03T11:58:06 IST" duration-ms="19808" status="PASS">
          <params>
            <param index="0">
              <value>
                <![CDATA["To verify user is able to add multiple product to the cart and place an order"]]>
              </value>
            </param>
            <param index="1">
              <value>
                <![CDATA["demoblaze.com"]]>
              </value>
            </param>
          </params>
          <reporter-output>
          </reporter-output>
        </test-method> <!-- runScenario -->
        <test-method is-config="true" signature="tearDownClass()[pri:0, instance:TestRunner.TestRunner@41a2befb]" started-at="2025-06-03T11:58:06 IST" name="tearDownClass" finished-at="2025-06-03T11:58:06 IST" duration-ms="24" status="PASS">
          <reporter-output>
          </reporter-output>
        </test-method> <!-- tearDownClass -->
      </class> <!-- TestRunner.TestRunner -->
    </test> <!-- Default test -->
  </suite> <!-- Default suite -->
</testng-results>
